1626496805762	geckodriver	INFO	Listening on 127.0.0.1:58723
1626496808823	mozrunner::runner	INFO	Running command: "C:\\Program Files (x86)\\Mozilla Firefox\\firefox.exe" "--marionette" "-foreground" "-no-remote" "-profile" "C:\\Users\\ravin\\AppData\\Local\\Temp\\rust_mozprofileMNfGQk"
1626496809596	Marionette	INFO	Marionette enabled
console.warn: SearchSettings: "get: No settings file exists, new profile?" (new NotFoundError("Could not open the file at C:\\Users\\ravin\\AppData\\Local\\Temp\\rust_mozprofileMNfGQk\\search.json.mozlz4", (void 0)))
1626496813791	Marionette	INFO	Listening on port 58731
1626496814218	Marionette	WARN	TLS certificate errors will be ignored for this session
1626496849138	Marionette	INFO	Stopped listening on port 58731
1626496857215	geckodriver	INFO	Listening on 127.0.0.1:58803
1626496860290	mozrunner::runner	INFO	Running command: "C:\\Program Files (x86)\\Mozilla Firefox\\firefox.exe" "--marionette" "-foreground" "-no-remote" "-profile" "C:\\Users\\ravin\\AppData\\Local\\Temp\\rust_mozprofilehKSCdp"
1626496860832	Marionette	INFO	Marionette enabled
console.warn: SearchSettings: "get: No settings file exists, new profile?" (new NotFoundError("Could not open the file at C:\\Users\\ravin\\AppData\\Local\\Temp\\rust_mozprofilehKSCdp\\search.json.mozlz4", (void 0)))
1626496864336	Marionette	INFO	Listening on port 58811
1626496864506	Marionette	WARN	TLS certificate errors will be ignored for this session
1626496881951	Marionette	INFO	Stopped listening on port 58811
1626496903442	geckodriver	INFO	Listening on 127.0.0.1:58872
1626496906538	mozrunner::runner	INFO	Running command: "C:\\Program Files (x86)\\Mozilla Firefox\\firefox.exe" "--marionette" "-foreground" "-no-remote" "-profile" "C:\\Users\\ravin\\AppData\\Local\\Temp\\rust_mozprofile55XxBj"
1626496907051	Marionette	INFO	Marionette enabled
console.warn: SearchSettings: "get: No settings file exists, new profile?" (new NotFoundError("Could not open the file at C:\\Users\\ravin\\AppData\\Local\\Temp\\rust_mozprofile55XxBj\\search.json.mozlz4", (void 0)))
1626496910214	Marionette	INFO	Listening on port 58880
1626496910731	Marionette	WARN	TLS certificate errors will be ignored for this session
1626496913341	Marionette	INFO	Stopped listening on port 58880
JavaScript error: resource://gre/modules/Sqlite.jsm, line 1030: Error: Sqlite.jsm has been shutdown. Cannot open connection to: C:\Users\ravin\AppData\Local\Temp\rust_mozprofile55XxBj\protections.sqlite
1626496999866	geckodriver	INFO	Listening on 127.0.0.1:58715
1626497002930	mozrunner::runner	INFO	Running command: "C:\\Program Files (x86)\\Mozilla Firefox\\firefox.exe" "--marionette" "-foreground" "-no-remote" "-profile" "C:\\Users\\ravin\\AppData\\Local\\Temp\\rust_mozprofileckBY1u"
1626497003426	Marionette	INFO	Marionette enabled
console.warn: SearchSettings: "get: No settings file exists, new profile?" (new NotFoundError("Could not open the file at C:\\Users\\ravin\\AppData\\Local\\Temp\\rust_mozprofileckBY1u\\search.json.mozlz4", (void 0)))
1626497006480	Marionette	INFO	Listening on port 58723
1626497006636	Marionette	WARN	TLS certificate errors will be ignored for this session
JavaScript error: resource://devtools/server/actors/network-monitor/network-event-actor.js, line 108: Error: Got a request http://www.seleniumbymahesh.com/wp-content/themes/guardian/style.css?ver=4.7.21 without a browsingContextID set
JavaScript error: resource://devtools/server/actors/network-monitor/network-event-actor.js, line 108: Error: Got a request http://www.seleniumbymahesh.com/wp-content/themes/guardian/css/font-awesome-4.7.0/css/font-awesome.css?ver=4.7.21 without a browsingContextID set
JavaScript error: resource://devtools/server/actors/network-monitor/network-event-actor.js, line 108: Error: Got a request http://www.seleniumbymahesh.com/wp-content/themes/guardian/css/responsive-leyouts.css?ver=4.7.21 without a browsingContextID set
JavaScript error: resource://devtools/server/actors/network-monitor/network-event-actor.js, line 108: Error: Got a request http://www.seleniumbymahesh.com/wp-content/themes/guardian/css/bootstrap.css?ver=4.7.21 without a browsingContextID set
JavaScript error: resource://devtools/server/actors/network-monitor/network-event-actor.js, line 108: Error: Got a request http://www.seleniumbymahesh.com/wp-content/themes/guardian/css/menu.css?ver=4.7.21 without a browsingContextID set
JavaScript error: resource://devtools/server/actors/network-monitor/network-event-actor.js, line 108: Error: Got a request http://www.seleniumbymahesh.com/wp-content/themes/guardian/css/sticky.css?ver=4.7.21 without a browsingContextID set
JavaScript error: resource://devtools/server/actors/network-monitor/network-event-actor.js, line 108: Error: Got a request http://www.seleniumbymahesh.com/wp-content/themes/guardian/css/reset.css?ver=4.7.21 without a browsingContextID set
JavaScript error: resource://devtools/server/actors/network-monitor/network-event-actor.js, line 108: Error: Got a request http://www.seleniumbymahesh.com/wp-content/themes/guardian/css/carousel.css?ver=4.7.21 without a browsingContextID set
JavaScript error: resource://devtools/server/actors/network-monitor/network-event-actor.js, line 108: Error: Got a request http://www.seleniumbymahesh.com/wp-content/plugins/tablepress/css/default.min.css?ver=1.8.1 without a browsingContextID set
1626497200330	Marionette	INFO	Stopped listening on port 58723

###!!! [Child][RunMessage] Error: Channel closing: too late to send/recv, messages will be lost

1626497208500	geckodriver	INFO	Listening on 127.0.0.1:57418
1626497211578	mozrunner::runner	INFO	Running command: "C:\\Program Files (x86)\\Mozilla Firefox\\firefox.exe" "--marionette" "-foreground" "-no-remote" "-profile" "C:\\Users\\ravin\\AppData\\Local\\Temp\\rust_mozprofileVDBsJb"
1626497212081	Marionette	INFO	Marionette enabled
console.warn: SearchSettings: "get: No settings file exists, new profile?" (new NotFoundError("Could not open the file at C:\\Users\\ravin\\AppData\\Local\\Temp\\rust_mozprofileVDBsJb\\search.json.mozlz4", (void 0)))
1626497215208	Marionette	INFO	Listening on port 55294
1626497215290	Marionette	WARN	TLS certificate errors will be ignored for this session
1626497256661	Marionette	INFO	Stopped listening on port 55294

###!!! [Child][RunMessage] Error: Channel closing: too late to send/recv, messages will be lost

1626497262514	geckodriver	INFO	Listening on 127.0.0.1:62905
1626497265578	mozrunner::runner	INFO	Running command: "C:\\Program Files (x86)\\Mozilla Firefox\\firefox.exe" "--marionette" "-foreground" "-no-remote" "-profile" "C:\\Users\\ravin\\AppData\\Local\\Temp\\rust_mozprofileTrYe5X"
1626497266066	Marionette	INFO	Marionette enabled
console.warn: SearchSettings: "get: No settings file exists, new profile?" (new NotFoundError("Could not open the file at C:\\Users\\ravin\\AppData\\Local\\Temp\\rust_mozprofileTrYe5X\\search.json.mozlz4", (void 0)))
1626497269232	Marionette	INFO	Listening on port 58982
1626497269290	Marionette	WARN	TLS certificate errors will be ignored for this session
1626497291492	Marionette	INFO	Stopped listening on port 58982
1626497299778	geckodriver	INFO	Listening on 127.0.0.1:57556
1626497302857	mozrunner::runner	INFO	Running command: "C:\\Program Files (x86)\\Mozilla Firefox\\firefox.exe" "--marionette" "-foreground" "-no-remote" "-profile" "C:\\Users\\ravin\\AppData\\Local\\Temp\\rust_mozprofile4OBUCL"
1626497303455	Marionette	INFO	Marionette enabled
console.warn: SearchSettings: "get: No settings file exists, new profile?" (new NotFoundError("Could not open the file at C:\\Users\\ravin\\AppData\\Local\\Temp\\rust_mozprofile4OBUCL\\search.json.mozlz4", (void 0)))
1626497306685	Marionette	INFO	Listening on port 59476
1626497307096	Marionette	WARN	TLS certificate errors will be ignored for this session
1626497359615	Marionette	INFO	Stopped listening on port 59476
1626497366193	geckodriver	INFO	Listening on 127.0.0.1:59929
1626497369266	mozrunner::runner	INFO	Running command: "C:\\Program Files (x86)\\Mozilla Firefox\\firefox.exe" "--marionette" "-foreground" "-no-remote" "-profile" "C:\\Users\\ravin\\AppData\\Local\\Temp\\rust_mozprofile6uAage"
1626497369804	Marionette	INFO	Marionette enabled
console.warn: SearchSettings: "get: No settings file exists, new profile?" (new NotFoundError("Could not open the file at C:\\Users\\ravin\\AppData\\Local\\Temp\\rust_mozprofile6uAage\\search.json.mozlz4", (void 0)))
1626497372949	Marionette	INFO	Listening on port 51626
1626497373796	Marionette	WARN	TLS certificate errors will be ignored for this session
1626497703408	Marionette	INFO	Stopped listening on port 51626
1626497708343	geckodriver	INFO	Listening on 127.0.0.1:61479
1626497711423	mozrunner::runner	INFO	Running command: "C:\\Program Files (x86)\\Mozilla Firefox\\firefox.exe" "--marionette" "-foreground" "-no-remote" "-profile" "C:\\Users\\ravin\\AppData\\Local\\Temp\\rust_mozprofileBTqwGu"
1626497711915	Marionette	INFO	Marionette enabled
console.warn: SearchSettings: "get: No settings file exists, new profile?" (new NotFoundError("Could not open the file at C:\\Users\\ravin\\AppData\\Local\\Temp\\rust_mozprofileBTqwGu\\search.json.mozlz4", (void 0)))
1626497715154	Marionette	INFO	Listening on port 50312
1626497715671	Marionette	WARN	TLS certificate errors will be ignored for this session
1626497724573	Marionette	INFO	Stopped listening on port 50312

###!!! [Child][MessageChannel] Error: (msgtype=0x230030,name=PBrowser::Msg___delete__) Channel closing: too late to send/recv, messages will be lost

1626497845483	geckodriver	INFO	Listening on 127.0.0.1:64851
1626497848559	mozrunner::runner	INFO	Running command: "C:\\Program Files (x86)\\Mozilla Firefox\\firefox.exe" "--marionette" "-foreground" "-no-remote" "-profile" "C:\\Users\\ravin\\AppData\\Local\\Temp\\rust_mozprofileRW4ydl"
1626497849059	Marionette	INFO	Marionette enabled
console.warn: SearchSettings: "get: No settings file exists, new profile?" (new NotFoundError("Could not open the file at C:\\Users\\ravin\\AppData\\Local\\Temp\\rust_mozprofileRW4ydl\\search.json.mozlz4", (void 0)))
1626497852228	Marionette	INFO	Listening on port 50998
1626497852263	Marionette	WARN	TLS certificate errors will be ignored for this session
1626497859878	Marionette	INFO	Stopped listening on port 50998
1626497917932	geckodriver	INFO	Listening on 127.0.0.1:56376
1626497921025	mozrunner::runner	INFO	Running command: "C:\\Program Files (x86)\\Mozilla Firefox\\firefox.exe" "--marionette" "-foreground" "-no-remote" "-profile" "C:\\Users\\ravin\\AppData\\Local\\Temp\\rust_mozprofilelMVHtp"
1626497921501	Marionette	INFO	Marionette enabled
console.warn: SearchSettings: "get: No settings file exists, new profile?" (new NotFoundError("Could not open the file at C:\\Users\\ravin\\AppData\\Local\\Temp\\rust_mozprofilelMVHtp\\search.json.mozlz4", (void 0)))
1626497924784	Marionette	INFO	Listening on port 55220
1626497925227	Marionette	WARN	TLS certificate errors will be ignored for this session
console.warn: LoginRecipes: "getRecipes: falling back to a synchronous message for:" "https://www.google.com"
1626498029027	Marionette	INFO	Stopped listening on port 55220
1626498040164	geckodriver	INFO	Listening on 127.0.0.1:58568
1626498043208	mozrunner::runner	INFO	Running command: "C:\\Program Files (x86)\\Mozilla Firefox\\firefox.exe" "--marionette" "-foreground" "-no-remote" "-profile" "C:\\Users\\ravin\\AppData\\Local\\Temp\\rust_mozprofile6yeeCb"
1626498043718	Marionette	INFO	Marionette enabled
console.warn: SearchSettings: "get: No settings file exists, new profile?" (new NotFoundError("Could not open the file at C:\\Users\\ravin\\AppData\\Local\\Temp\\rust_mozprofile6yeeCb\\search.json.mozlz4", (void 0)))
1626498046850	Marionette	INFO	Listening on port 60008
1626498046918	Marionette	WARN	TLS certificate errors will be ignored for this session
1626498098131	Marionette	INFO	Stopped listening on port 60008
1626498104464	geckodriver	INFO	Listening on 127.0.0.1:50691
1626498107538	mozrunner::runner	INFO	Running command: "C:\\Program Files (x86)\\Mozilla Firefox\\firefox.exe" "--marionette" "-foreground" "-no-remote" "-profile" "C:\\Users\\ravin\\AppData\\Local\\Temp\\rust_mozprofileVpUcEW"
1626498108052	Marionette	INFO	Marionette enabled
console.warn: SearchSettings: "get: No settings file exists, new profile?" (new NotFoundError("Could not open the file at C:\\Users\\ravin\\AppData\\Local\\Temp\\rust_mozprofileVpUcEW\\search.json.mozlz4", (void 0)))
1626498111378	Marionette	INFO	Listening on port 59034
1626498111761	Marionette	WARN	TLS certificate errors will be ignored for this session
1626498327104	Marionette	INFO	Stopped listening on port 59034
1626498332161	geckodriver	INFO	Listening on 127.0.0.1:62958
1626498335250	mozrunner::runner	INFO	Running command: "C:\\Program Files (x86)\\Mozilla Firefox\\firefox.exe" "--marionette" "-foreground" "-no-remote" "-profile" "C:\\Users\\ravin\\AppData\\Local\\Temp\\rust_mozprofile8tXrdQ"
1626498335749	Marionette	INFO	Marionette enabled
console.warn: SearchSettings: "get: No settings file exists, new profile?" (new NotFoundError("Could not open the file at C:\\Users\\ravin\\AppData\\Local\\Temp\\rust_mozprofile8tXrdQ\\search.json.mozlz4", (void 0)))
1626498339075	Marionette	INFO	Listening on port 59437
1626498339471	Marionette	WARN	TLS certificate errors will be ignored for this session
1626498445584	Marionette	INFO	Stopped listening on port 59437

###!!! [Child][RunMessage] Error: Channel closing: too late to send/recv, messages will be lost

1626498458634	geckodriver	INFO	Listening on 127.0.0.1:54594
1626498461684	mozrunner::runner	INFO	Running command: "C:\\Program Files (x86)\\Mozilla Firefox\\firefox.exe" "--marionette" "-foreground" "-no-remote" "-profile" "C:\\Users\\ravin\\AppData\\Local\\Temp\\rust_mozprofileVk7zqw"
1626498462409	Marionette	INFO	Marionette enabled
console.warn: SearchSettings: "get: No settings file exists, new profile?" (new NotFoundError("Could not open the file at C:\\Users\\ravin\\AppData\\Local\\Temp\\rust_mozprofileVk7zqw\\search.json.mozlz4", (void 0)))
1626498465627	Marionette	INFO	Listening on port 62833
1626498465886	Marionette	WARN	TLS certificate errors will be ignored for this session
JavaScript error: resource:///actors/ContentMetaChild.jsm, line 179: InvalidStateError: JSWindowActorChild.sendAsyncMessage: JSWindowActorChild cannot send at the moment
1626498865494	Marionette	INFO	Stopped listening on port 62833

###!!! [Child][RunMessage] Error: Channel closing: too late to send/recv, messages will be lost

1626498892659	geckodriver	INFO	Listening on 127.0.0.1:52501
1626498895734	mozrunner::runner	INFO	Running command: "C:\\Program Files (x86)\\Mozilla Firefox\\firefox.exe" "--marionette" "-foreground" "-no-remote" "-profile" "C:\\Users\\ravin\\AppData\\Local\\Temp\\rust_mozprofilegDrmkV"
1626498896369	Marionette	INFO	Marionette enabled
console.warn: SearchSettings: "get: No settings file exists, new profile?" (new NotFoundError("Could not open the file at C:\\Users\\ravin\\AppData\\Local\\Temp\\rust_mozprofilegDrmkV\\search.json.mozlz4", (void 0)))
1626498899790	Marionette	INFO	Listening on port 62956
1626498899950	Marionette	WARN	TLS certificate errors will be ignored for this session
1626498943590	Marionette	INFO	Stopped listening on port 62956

###!!! [Child][RunMessage] Error: Channel closing: too late to send/recv, messages will be lost

1626498950419	geckodriver	INFO	Listening on 127.0.0.1:65474
1626498953482	mozrunner::runner	INFO	Running command: "C:\\Program Files (x86)\\Mozilla Firefox\\firefox.exe" "--marionette" "-foreground" "-no-remote" "-profile" "C:\\Users\\ravin\\AppData\\Local\\Temp\\rust_mozprofile1N6QZk"
1626498954024	Marionette	INFO	Marionette enabled
console.warn: SearchSettings: "get: No settings file exists, new profile?" (new NotFoundError("Could not open the file at C:\\Users\\ravin\\AppData\\Local\\Temp\\rust_mozprofile1N6QZk\\search.json.mozlz4", (void 0)))
1626498957306	Marionette	INFO	Listening on port 54983
1626498957733	Marionette	WARN	TLS certificate errors will be ignored for this session

###!!! [Child][RunMessage] Error: Channel closing: too late to send/recv, messages will be lost

1626499036535	Marionette	INFO	Stopped listening on port 54983
1626499041461	geckodriver	INFO	Listening on 127.0.0.1:63184
1626499044539	mozrunner::runner	INFO	Running command: "C:\\Program Files (x86)\\Mozilla Firefox\\firefox.exe" "--marionette" "-foreground" "-no-remote" "-profile" "C:\\Users\\ravin\\AppData\\Local\\Temp\\rust_mozprofileyMvCLH"
1626499045020	Marionette	INFO	Marionette enabled
console.warn: SearchSettings: "get: No settings file exists, new profile?" (new NotFoundError("Could not open the file at C:\\Users\\ravin\\AppData\\Local\\Temp\\rust_mozprofileyMvCLH\\search.json.mozlz4", (void 0)))
1626499048201	Marionette	INFO	Listening on port 63192
1626499048260	Marionette	WARN	TLS certificate errors will be ignored for this session
1626499133343	Marionette	INFO	Stopped listening on port 63192
1626499137822	geckodriver	INFO	Listening on 127.0.0.1:57230
1626499140905	mozrunner::runner	INFO	Running command: "C:\\Program Files (x86)\\Mozilla Firefox\\firefox.exe" "--marionette" "-foreground" "-no-remote" "-profile" "C:\\Users\\ravin\\AppData\\Local\\Temp\\rust_mozprofile5r4ko9"
1626499141428	Marionette	INFO	Marionette enabled
console.warn: SearchSettings: "get: No settings file exists, new profile?" (new NotFoundError("Could not open the file at C:\\Users\\ravin\\AppData\\Local\\Temp\\rust_mozprofile5r4ko9\\search.json.mozlz4", (void 0)))
1626499144849	Marionette	INFO	Listening on port 53422
1626499145107	Marionette	WARN	TLS certificate errors will be ignored for this session
1626499166775	Marionette	INFO	Stopped listening on port 53422
1626499359318	geckodriver	INFO	Listening on 127.0.0.1:59335
1626499362395	mozrunner::runner	INFO	Running command: "C:\\Program Files (x86)\\Mozilla Firefox\\firefox.exe" "--marionette" "-foreground" "-no-remote" "-profile" "C:\\Users\\ravin\\AppData\\Local\\Temp\\rust_mozprofileGFfX4h"
1626499362908	Marionette	INFO	Marionette enabled
console.warn: SearchSettings: "get: No settings file exists, new profile?" (new NotFoundError("Could not open the file at C:\\Users\\ravin\\AppData\\Local\\Temp\\rust_mozprofileGFfX4h\\search.json.mozlz4", (void 0)))
1626499366086	Marionette	INFO	Listening on port 64425
1626499366579	Marionette	WARN	TLS certificate errors will be ignored for this session
1626499541426	Marionette	INFO	Stopped listening on port 64425

###!!! [Child][RunMessage] Error: Channel closing: too late to send/recv, messages will be lost

1626499545694	geckodriver	INFO	Listening on 127.0.0.1:62154
1626499548732	mozrunner::runner	INFO	Running command: "C:\\Program Files (x86)\\Mozilla Firefox\\firefox.exe" "--marionette" "-foreground" "-no-remote" "-profile" "C:\\Users\\ravin\\AppData\\Local\\Temp\\rust_mozprofileYNZ1sI"
1626499549243	Marionette	INFO	Marionette enabled
console.warn: SearchSettings: "get: No settings file exists, new profile?" (new NotFoundError("Could not open the file at C:\\Users\\ravin\\AppData\\Local\\Temp\\rust_mozprofileYNZ1sI\\search.json.mozlz4", (void 0)))
1626499552427	Marionette	INFO	Listening on port 64078
1626499552940	Marionette	WARN	TLS certificate errors will be ignored for this session
console.warn: LoginRecipes: "getRecipes: falling back to a synchronous message for:" "http://www.seleniumbymahesh.com"
1626499641092	Marionette	INFO	Stopped listening on port 64078

###!!! [Child][RunMessage] Error: Channel closing: too late to send/recv, messages will be lost

1626499647236	geckodriver	INFO	Listening on 127.0.0.1:60614
1626499650290	mozrunner::runner	INFO	Running command: "C:\\Program Files (x86)\\Mozilla Firefox\\firefox.exe" "--marionette" "-foreground" "-no-remote" "-profile" "C:\\Users\\ravin\\AppData\\Local\\Temp\\rust_mozprofile2q52b5"
1626499650798	Marionette	INFO	Marionette enabled
console.warn: SearchSettings: "get: No settings file exists, new profile?" (new NotFoundError("Could not open the file at C:\\Users\\ravin\\AppData\\Local\\Temp\\rust_mozprofile2q52b5\\search.json.mozlz4", (void 0)))
1626499653971	Marionette	INFO	Listening on port 50763
1626499654002	Marionette	WARN	TLS certificate errors will be ignored for this session
1626499722885	Marionette	INFO	Stopped listening on port 50763

###!!! [Child][RunMessage] Error: Channel closing: too late to send/recv, messages will be lost

1626499727040	geckodriver	INFO	Listening on 127.0.0.1:52277
1626499730118	mozrunner::runner	INFO	Running command: "C:\\Program Files (x86)\\Mozilla Firefox\\firefox.exe" "--marionette" "-foreground" "-no-remote" "-profile" "C:\\Users\\ravin\\AppData\\Local\\Temp\\rust_mozprofile48lqWE"
1626499730596	Marionette	INFO	Marionette enabled
console.warn: SearchSettings: "get: No settings file exists, new profile?" (new NotFoundError("Could not open the file at C:\\Users\\ravin\\AppData\\Local\\Temp\\rust_mozprofile48lqWE\\search.json.mozlz4", (void 0)))
1626499733915	Marionette	INFO	Listening on port 60107
1626499734350	Marionette	WARN	TLS certificate errors will be ignored for this session
JavaScript error: http://www.seleniumbymahesh.com/HMS/master.php, line 60: TypeError: document.getElementById(...) is null
JavaScript error: http://www.seleniumbymahesh.com/HMS/master.php, line 60: TypeError: document.getElementById(...) is null
JavaScript error: http://www.seleniumbymahesh.com/HMS/master.php, line 60: TypeError: document.getElementById(...) is null
JavaScript error: http://www.seleniumbymahesh.com/HMS/master.php, line 60: TypeError: document.getElementById(...) is null
JavaScript error: http://www.seleniumbymahesh.com/HMS/master.php, line 60: TypeError: document.getElementById(...) is null
JavaScript error: http://www.seleniumbymahesh.com/HMS/master.php, line 60: TypeError: document.getElementById(...) is null
JavaScript error: http://www.seleniumbymahesh.com/HMS/master.php, line 60: TypeError: document.getElementById(...) is null
JavaScript error: http://www.seleniumbymahesh.com/HMS/master.php, line 60: TypeError: document.getElementById(...) is null
JavaScript error: http://www.seleniumbymahesh.com/HMS/master.php, line 60: TypeError: document.getElementById(...) is null
JavaScript error: http://www.seleniumbymahesh.com/HMS/master.php, line 60: TypeError: document.getElementById(...) is null
JavaScript error: http://www.seleniumbymahesh.com/HMS/master.php, line 60: TypeError: document.getElementById(...) is null
JavaScript error: http://www.seleniumbymahesh.com/HMS/master.php, line 60: TypeError: document.getElementById(...) is null
JavaScript error: http://www.seleniumbymahesh.com/HMS/master.php, line 60: TypeError: document.getElementById(...) is null
JavaScript error: http://www.seleniumbymahesh.com/HMS/master.php, line 60: TypeError: document.getElementById(...) is null
JavaScript error: http://www.seleniumbymahesh.com/HMS/master.php, line 60: TypeError: document.getElementById(...) is null
JavaScript error: http://www.seleniumbymahesh.com/HMS/master.php, line 60: TypeError: document.getElementById(...) is null
JavaScript error: http://www.seleniumbymahesh.com/HMS/master.php, line 60: TypeError: document.getElementById(...) is null
JavaScript error: http://www.seleniumbymahesh.com/HMS/master.php, line 60: TypeError: document.getElementById(...) is null
JavaScript error: http://www.seleniumbymahesh.com/HMS/master.php, line 60: TypeError: document.getElementById(...) is null
JavaScript error: http://www.seleniumbymahesh.com/HMS/master.php, line 60: TypeError: document.getElementById(...) is null
JavaScript error: http://www.seleniumbymahesh.com/HMS/master.php, line 60: TypeError: document.getElementById(...) is null
JavaScript error: http://www.seleniumbymahesh.com/HMS/master.php, line 60: TypeError: document.getElementById(...) is null
JavaScript error: http://www.seleniumbymahesh.com/HMS/master.php, line 60: TypeError: document.getElementById(...) is null
JavaScript error: http://www.seleniumbymahesh.com/HMS/master.php, line 60: TypeError: document.getElementById(...) is null
JavaScript error: http://www.seleniumbymahesh.com/HMS/master.php, line 60: TypeError: document.getElementById(...) is null
JavaScript error: http://www.seleniumbymahesh.com/HMS/master.php, line 60: TypeError: document.getElementById(...) is null
JavaScript error: http://www.seleniumbymahesh.com/HMS/master.php, line 60: TypeError: document.getElementById(...) is null
JavaScript error: http://www.seleniumbymahesh.com/HMS/master.php, line 60: TypeError: document.getElementById(...) is null
JavaScript error: http://www.seleniumbymahesh.com/HMS/master.php, line 60: TypeError: document.getElementById(...) is null
JavaScript error: http://www.seleniumbymahesh.com/HMS/master.php, line 60: TypeError: document.getElementById(...) is null
JavaScript error: http://www.seleniumbymahesh.com/HMS/master.php, line 60: TypeError: document.getElementById(...) is null
JavaScript error: http://www.seleniumbymahesh.com/HMS/master.php, line 60: TypeError: document.getElementById(...) is null
JavaScript error: http://www.seleniumbymahesh.com/HMS/master.php, line 60: TypeError: document.getElementById(...) is null
JavaScript error: http://www.seleniumbymahesh.com/HMS/master.php, line 60: TypeError: document.getElementById(...) is null
JavaScript error: http://www.seleniumbymahesh.com/HMS/master.php, line 60: TypeError: document.getElementById(...) is null
JavaScript error: http://www.seleniumbymahesh.com/HMS/master.php, line 60: TypeError: document.getElementById(...) is null
JavaScript error: http://www.seleniumbymahesh.com/HMS/master.php, line 60: TypeError: document.getElementById(...) is null
JavaScript error: http://www.seleniumbymahesh.com/HMS/master.php, line 60: TypeError: document.getElementById(...) is null
JavaScript error: http://www.seleniumbymahesh.com/HMS/master.php, line 60: TypeError: document.getElementById(...) is null
JavaScript error: http://www.seleniumbymahesh.com/HMS/master.php, line 60: TypeError: document.getElementById(...) is null
JavaScript error: http://www.seleniumbymahesh.com/HMS/master.php, line 60: TypeError: document.getElementById(...) is null
JavaScript error: http://www.seleniumbymahesh.com/HMS/master.php, line 60: TypeError: document.getElementById(...) is null
JavaScript error: http://www.seleniumbymahesh.com/HMS/master.php, line 60: TypeError: document.getElementById(...) is null
JavaScript error: http://www.seleniumbymahesh.com/HMS/master.php, line 60: TypeError: document.getElementById(...) is null
JavaScript error: http://www.seleniumbymahesh.com/HMS/master.php, line 60: TypeError: document.getElementById(...) is null
JavaScript error: http://www.seleniumbymahesh.com/HMS/master.php, line 60: TypeError: document.getElementById(...) is null
JavaScript error: http://www.seleniumbymahesh.com/HMS/master.php, line 60: TypeError: document.getElementById(...) is null
JavaScript error: http://www.seleniumbymahesh.com/HMS/master.php, line 60: TypeError: document.getElementById(...) is null
JavaScript error: http://www.seleniumbymahesh.com/HMS/master.php, line 60: TypeError: document.getElementById(...) is null
JavaScript error: http://www.seleniumbymahesh.com/HMS/master.php, line 60: TypeError: document.getElementById(...) is null
JavaScript error: http://www.seleniumbymahesh.com/HMS/master.php, line 60: TypeError: document.getElementById(...) is null
JavaScript error: http://www.seleniumbymahesh.com/HMS/master.php, line 60: TypeError: document.getElementById(...) is null
JavaScript error: http://www.seleniumbymahesh.com/HMS/master.php, line 60: TypeError: document.getElementById(...) is null
JavaScript error: http://www.seleniumbymahesh.com/HMS/master.php, line 60: TypeError: document.getElementById(...) is null
JavaScript error: http://www.seleniumbymahesh.com/HMS/master.php, line 60: TypeError: document.getElementById(...) is null
JavaScript error: http://www.seleniumbymahesh.com/HMS/master.php, line 60: TypeError: document.getElementById(...) is null
JavaScript error: http://www.seleniumbymahesh.com/HMS/master.php, line 60: TypeError: document.getElementById(...) is null
JavaScript error: http://www.seleniumbymahesh.com/HMS/master.php, line 60: TypeError: document.getElementById(...) is null
JavaScript error: http://www.seleniumbymahesh.com/HMS/master.php, line 60: TypeError: document.getElementById(...) is null
JavaScript error: http://www.seleniumbymahesh.com/HMS/master.php, line 60: TypeError: document.getElementById(...) is null
JavaScript error: http://www.seleniumbymahesh.com/HMS/master.php, line 60: TypeError: document.getElementById(...) is null
JavaScript error: http://www.seleniumbymahesh.com/HMS/master.php, line 60: TypeError: document.getElementById(...) is null
JavaScript error: http://www.seleniumbymahesh.com/HMS/master.php, line 60: TypeError: document.getElementById(...) is null
JavaScript error: http://www.seleniumbymahesh.com/HMS/master.php, line 60: TypeError: document.getElementById(...) is null
JavaScript error: http://www.seleniumbymahesh.com/HMS/master.php, line 60: TypeError: document.getElementById(...) is null
JavaScript error: http://www.seleniumbymahesh.com/HMS/master.php, line 60: TypeError: document.getElementById(...) is null
JavaScript error: http://www.seleniumbymahesh.com/HMS/master.php, line 60: TypeError: document.getElementById(...) is null
JavaScript error: http://www.seleniumbymahesh.com/HMS/master.php, line 60: TypeError: document.getElementById(...) is null
JavaScript error: http://www.seleniumbymahesh.com/HMS/master.php, line 60: TypeError: document.getElementById(...) is null
JavaScript error: http://www.seleniumbymahesh.com/HMS/master.php, line 60: TypeError: document.getElementById(...) is null
JavaScript error: http://www.seleniumbymahesh.com/HMS/master.php, line 60: TypeError: document.getElementById(...) is null
JavaScript error: http://www.seleniumbymahesh.com/HMS/master.php, line 60: TypeError: document.getElementById(...) is null
JavaScript error: http://www.seleniumbymahesh.com/HMS/master.php, line 60: TypeError: document.getElementById(...) is null
JavaScript error: http://www.seleniumbymahesh.com/HMS/master.php, line 60: TypeError: document.getElementById(...) is null
JavaScript error: http://www.seleniumbymahesh.com/HMS/master.php, line 60: TypeError: document.getElementById(...) is null
JavaScript error: http://www.seleniumbymahesh.com/HMS/master.php, line 60: TypeError: document.getElementById(...) is null
JavaScript error: http://www.seleniumbymahesh.com/HMS/master.php, line 60: TypeError: document.getElementById(...) is null
JavaScript error: http://www.seleniumbymahesh.com/HMS/master.php, line 60: TypeError: document.getElementById(...) is null
JavaScript error: http://www.seleniumbymahesh.com/HMS/master.php, line 60: TypeError: document.getElementById(...) is null
JavaScript error: http://www.seleniumbymahesh.com/HMS/master.php, line 60: TypeError: document.getElementById(...) is null
JavaScript error: http://www.seleniumbymahesh.com/HMS/master.php, line 60: TypeError: document.getElementById(...) is null
JavaScript error: http://www.seleniumbymahesh.com/HMS/master.php, line 60: TypeError: document.getElementById(...) is null
JavaScript error: http://www.seleniumbymahesh.com/HMS/master.php, line 60: TypeError: document.getElementById(...) is null
JavaScript error: http://www.seleniumbymahesh.com/HMS/master.php, line 60: TypeError: document.getElementById(...) is null
JavaScript error: http://www.seleniumbymahesh.com/HMS/master.php, line 60: TypeError: document.getElementById(...) is null
JavaScript error: http://www.seleniumbymahesh.com/HMS/master.php, line 60: TypeError: document.getElementById(...) is null
JavaScript error: http://www.seleniumbymahesh.com/HMS/master.php, line 60: TypeError: document.getElementById(...) is null
JavaScript error: http://www.seleniumbymahesh.com/HMS/master.php, line 60: TypeError: document.getElementById(...) is null
JavaScript error: http://www.seleniumbymahesh.com/HMS/master.php, line 60: TypeError: document.getElementById(...) is null
JavaScript error: http://www.seleniumbymahesh.com/HMS/master.php, line 60: TypeError: document.getElementById(...) is null
JavaScript error: http://www.seleniumbymahesh.com/HMS/master.php, line 60: TypeError: document.getElementById(...) is null
JavaScript error: http://www.seleniumbymahesh.com/HMS/master.php, line 60: TypeError: document.getElementById(...) is null
JavaScript error: http://www.seleniumbymahesh.com/HMS/master.php, line 60: TypeError: document.getElementById(...) is null
JavaScript error: http://www.seleniumbymahesh.com/HMS/master.php, line 60: TypeError: document.getElementById(...) is null
JavaScript error: http://www.seleniumbymahesh.com/HMS/master.php, line 60: TypeError: document.getElementById(...) is null
JavaScript error: http://www.seleniumbymahesh.com/HMS/master.php, line 60: TypeError: document.getElementById(...) is null
JavaScript error: http://www.seleniumbymahesh.com/HMS/master.php, line 60: TypeError: document.getElementById(...) is null
JavaScript error: http://www.seleniumbymahesh.com/HMS/master.php, line 60: TypeError: document.getElementById(...) is null
JavaScript error: http://www.seleniumbymahesh.com/HMS/master.php, line 60: TypeError: document.getElementById(...) is null
JavaScript error: http://www.seleniumbymahesh.com/HMS/master.php, line 60: TypeError: document.getElementById(...) is null
JavaScript error: http://www.seleniumbymahesh.com/HMS/master.php, line 60: TypeError: document.getElementById(...) is null
JavaScript error: http://www.seleniumbymahesh.com/HMS/master.php, line 60: TypeError: document.getElementById(...) is null
JavaScript error: http://www.seleniumbymahesh.com/HMS/master.php, line 60: TypeError: document.getElementById(...) is null
JavaScript error: http://www.seleniumbymahesh.com/HMS/master.php, line 60: TypeError: document.getElementById(...) is null
JavaScript error: http://www.seleniumbymahesh.com/HMS/master.php, line 60: TypeError: document.getElementById(...) is null
JavaScript error: http://www.seleniumbymahesh.com/HMS/master.php, line 60: TypeError: document.getElementById(...) is null
JavaScript error: http://www.seleniumbymahesh.com/HMS/master.php, line 60: TypeError: document.getElementById(...) is null
JavaScript error: http://www.seleniumbymahesh.com/HMS/master.php, line 60: TypeError: document.getElementById(...) is null
JavaScript error: http://www.seleniumbymahesh.com/HMS/master.php, line 60: TypeError: document.getElementById(...) is null
JavaScript error: http://www.seleniumbymahesh.com/HMS/master.php, line 60: TypeError: document.getElementById(...) is null
JavaScript error: http://www.seleniumbymahesh.com/HMS/master.php, line 60: TypeError: document.getElementById(...) is null
JavaScript error: http://www.seleniumbymahesh.com/HMS/master.php, line 60: TypeError: document.getElementById(...) is null
JavaScript error: http://www.seleniumbymahesh.com/HMS/master.php, line 60: TypeError: document.getElementById(...) is null
JavaScript error: http://www.seleniumbymahesh.com/HMS/master.php, line 60: TypeError: document.getElementById(...) is null
JavaScript error: http://www.seleniumbymahesh.com/HMS/master.php, line 60: TypeError: document.getElementById(...) is null
JavaScript error: http://www.seleniumbymahesh.com/HMS/master.php, line 60: TypeError: document.getElementById(...) is null
JavaScript error: http://www.seleniumbymahesh.com/HMS/master.php, line 60: TypeError: document.getElementById(...) is null
JavaScript error: http://www.seleniumbymahesh.com/HMS/master.php, line 60: TypeError: document.getElementById(...) is null
JavaScript error: http://www.seleniumbymahesh.com/HMS/master.php, line 60: TypeError: document.getElementById(...) is null
JavaScript error: http://www.seleniumbymahesh.com/HMS/master.php, line 60: TypeError: document.getElementById(...) is null
JavaScript error: http://www.seleniumbymahesh.com/HMS/master.php, line 60: TypeError: document.getElementById(...) is null
JavaScript error: http://www.seleniumbymahesh.com/HMS/master.php, line 60: TypeError: document.getElementById(...) is null
JavaScript error: http://www.seleniumbymahesh.com/HMS/master.php, line 60: TypeError: document.getElementById(...) is null
JavaScript error: http://www.seleniumbymahesh.com/HMS/master.php, line 60: TypeError: document.getElementById(...) is null
JavaScript error: http://www.seleniumbymahesh.com/HMS/master.php, line 60: TypeError: document.getElementById(...) is null
JavaScript error: http://www.seleniumbymahesh.com/HMS/master.php, line 60: TypeError: document.getElementById(...) is null
JavaScript error: http://www.seleniumbymahesh.com/HMS/master.php, line 60: TypeError: document.getElementById(...) is null
JavaScript error: http://www.seleniumbymahesh.com/HMS/master.php, line 60: TypeError: document.getElementById(...) is null
JavaScript error: http://www.seleniumbymahesh.com/HMS/master.php, line 60: TypeError: document.getElementById(...) is null
JavaScript error: http://www.seleniumbymahesh.com/HMS/master.php, line 60: TypeError: document.getElementById(...) is null
JavaScript error: http://www.seleniumbymahesh.com/HMS/master.php, line 60: TypeError: document.getElementById(...) is null
JavaScript error: http://www.seleniumbymahesh.com/HMS/master.php, line 60: TypeError: document.getElementById(...) is null
JavaScript error: http://www.seleniumbymahesh.com/HMS/master.php, line 60: TypeError: document.getElementById(...) is null
JavaScript error: http://www.seleniumbymahesh.com/HMS/master.php, line 60: TypeError: document.getElementById(...) is null
JavaScript error: http://www.seleniumbymahesh.com/HMS/master.php, line 60: TypeError: document.getElementById(...) is null
JavaScript error: http://www.seleniumbymahesh.com/HMS/master.php, line 60: TypeError: document.getElementById(...) is null
JavaScript error: http://www.seleniumbymahesh.com/HMS/master.php, line 60: TypeError: document.getElementById(...) is null
JavaScript error: http://www.seleniumbymahesh.com/HMS/master.php, line 60: TypeError: document.getElementById(...) is null
JavaScript error: http://www.seleniumbymahesh.com/HMS/master.php, line 60: TypeError: document.getElementById(...) is null
JavaScript error: http://www.seleniumbymahesh.com/HMS/master.php, line 60: TypeError: document.getElementById(...) is null
JavaScript error: http://www.seleniumbymahesh.com/HMS/master.php, line 60: TypeError: document.getElementById(...) is null
JavaScript error: http://www.seleniumbymahesh.com/HMS/master.php, line 60: TypeError: document.getElementById(...) is null
JavaScript error: http://www.seleniumbymahesh.com/HMS/master.php, line 60: TypeError: document.getElementById(...) is null
JavaScript error: http://www.seleniumbymahesh.com/HMS/master.php, line 60: TypeError: document.getElementById(...) is null
JavaScript error: http://www.seleniumbymahesh.com/HMS/master.php, line 60: TypeError: document.getElementById(...) is null
JavaScript error: http://www.seleniumbymahesh.com/HMS/master.php, line 60: TypeError: document.getElementById(...) is null
JavaScript error: http://www.seleniumbymahesh.com/HMS/master.php, line 60: TypeError: document.getElementById(...) is null
JavaScript error: http://www.seleniumbymahesh.com/HMS/master.php, line 60: TypeError: document.getElementById(...) is null
JavaScript error: http://www.seleniumbymahesh.com/HMS/master.php, line 60: TypeError: document.getElementById(...) is null
JavaScript error: http://www.seleniumbymahesh.com/HMS/master.php, line 60: TypeError: document.getElementById(...) is null
JavaScript error: http://www.seleniumbymahesh.com/HMS/master.php, line 60: TypeError: document.getElementById(...) is null
JavaScript error: http://www.seleniumbymahesh.com/HMS/master.php, line 60: TypeError: document.getElementById(...) is null
JavaScript error: http://www.seleniumbymahesh.com/HMS/master.php, line 60: TypeError: document.getElementById(...) is null
JavaScript error: http://www.seleniumbymahesh.com/HMS/master.php, line 60: TypeError: document.getElementById(...) is null
JavaScript error: http://www.seleniumbymahesh.com/HMS/master.php, line 60: TypeError: document.getElementById(...) is null
JavaScript error: http://www.seleniumbymahesh.com/HMS/master.php, line 60: TypeError: document.getElementById(...) is null
JavaScript error: http://www.seleniumbymahesh.com/HMS/master.php, line 60: TypeError: document.getElementById(...) is null
JavaScript error: http://www.seleniumbymahesh.com/HMS/master.php, line 60: TypeError: document.getElementById(...) is null
JavaScript error: http://www.seleniumbymahesh.com/HMS/master.php, line 60: TypeError: document.getElementById(...) is null
JavaScript error: http://www.seleniumbymahesh.com/HMS/master.php, line 60: TypeError: document.getElementById(...) is null
JavaScript error: http://www.seleniumbymahesh.com/HMS/master.php, line 60: TypeError: document.getElementById(...) is null
JavaScript error: http://www.seleniumbymahesh.com/HMS/master.php, line 60: TypeError: document.getElementById(...) is null
JavaScript error: http://www.seleniumbymahesh.com/HMS/master.php, line 60: TypeError: document.getElementById(...) is null
JavaScript error: http://www.seleniumbymahesh.com/HMS/master.php, line 60: TypeError: document.getElementById(...) is null
JavaScript error: http://www.seleniumbymahesh.com/HMS/master.php, line 60: TypeError: document.getElementById(...) is null
JavaScript error: http://www.seleniumbymahesh.com/HMS/master.php, line 60: TypeError: document.getElementById(...) is null
JavaScript error: http://www.seleniumbymahesh.com/HMS/master.php, line 60: TypeError: document.getElementById(...) is null
JavaScript error: http://www.seleniumbymahesh.com/HMS/master.php, line 60: TypeError: document.getElementById(...) is null
JavaScript error: http://www.seleniumbymahesh.com/HMS/master.php, line 60: TypeError: document.getElementById(...) is null
JavaScript error: http://www.seleniumbymahesh.com/HMS/master.php, line 60: TypeError: document.getElementById(...) is null
JavaScript error: http://www.seleniumbymahesh.com/HMS/master.php, line 60: TypeError: document.getElementById(...) is null
JavaScript error: http://www.seleniumbymahesh.com/HMS/master.php, line 60: TypeError: document.getElementById(...) is null
JavaScript error: http://www.seleniumbymahesh.com/HMS/master.php, line 60: TypeError: document.getElementById(...) is null
JavaScript error: http://www.seleniumbymahesh.com/HMS/master.php, line 60: TypeError: document.getElementById(...) is null
JavaScript error: http://www.seleniumbymahesh.com/HMS/master.php, line 60: TypeError: document.getElementById(...) is null
JavaScript error: http://www.seleniumbymahesh.com/HMS/master.php, line 60: TypeError: document.getElementById(...) is null
JavaScript error: http://www.seleniumbymahesh.com/HMS/master.php, line 60: TypeError: document.getElementById(...) is null
JavaScript error: http://www.seleniumbymahesh.com/HMS/master.php, line 60: TypeError: document.getElementById(...) is null
JavaScript error: http://www.seleniumbymahesh.com/HMS/master.php, line 60: TypeError: document.getElementById(...) is null
JavaScript error: http://www.seleniumbymahesh.com/HMS/master.php, line 60: TypeError: document.getElementById(...) is null
JavaScript error: http://www.seleniumbymahesh.com/HMS/master.php, line 60: TypeError: document.getElementById(...) is null
JavaScript error: http://www.seleniumbymahesh.com/HMS/master.php, line 60: TypeError: document.getElementById(...) is null
JavaScript error: http://www.seleniumbymahesh.com/HMS/master.php, line 60: TypeError: document.getElementById(...) is null
JavaScript error: http://www.seleniumbymahesh.com/HMS/master.php, line 60: TypeError: document.getElementById(...) is null
JavaScript error: http://www.seleniumbymahesh.com/HMS/master.php, line 60: TypeError: document.getElementById(...) is null
JavaScript error: http://www.seleniumbymahesh.com/HMS/master.php, line 60: TypeError: document.getElementById(...) is null
JavaScript error: http://www.seleniumbymahesh.com/HMS/master.php, line 60: TypeError: document.getElementById(...) is null
JavaScript error: http://www.seleniumbymahesh.com/HMS/master.php, line 60: TypeError: document.getElementById(...) is null
JavaScript error: http://www.seleniumbymahesh.com/HMS/master.php, line 60: TypeError: document.getElementById(...) is null
JavaScript error: http://www.seleniumbymahesh.com/HMS/master.php, line 60: TypeError: document.getElementById(...) is null
JavaScript error: http://www.seleniumbymahesh.com/HMS/master.php, line 60: TypeError: document.getElementById(...) is null
JavaScript error: http://www.seleniumbymahesh.com/HMS/master.php, line 60: TypeError: document.getElementById(...) is null
JavaScript error: http://www.seleniumbymahesh.com/HMS/master.php, line 60: TypeError: document.getElementById(...) is null
JavaScript error: http://www.seleniumbymahesh.com/HMS/master.php, line 60: TypeError: document.getElementById(...) is null
JavaScript error: http://www.seleniumbymahesh.com/HMS/master.php, line 60: TypeError: document.getElementById(...) is null
JavaScript error: http://www.seleniumbymahesh.com/HMS/master.php, line 60: TypeError: document.getElementById(...) is null
JavaScript error: http://www.seleniumbymahesh.com/HMS/master.php, line 60: TypeError: document.getElementById(...) is null
JavaScript error: http://www.seleniumbymahesh.com/HMS/master.php, line 60: TypeError: document.getElementById(...) is null
JavaScript error: http://www.seleniumbymahesh.com/HMS/master.php, line 60: TypeError: document.getElementById(...) is null
JavaScript error: http://www.seleniumbymahesh.com/HMS/master.php, line 60: TypeError: document.getElementById(...) is null
JavaScript error: http://www.seleniumbymahesh.com/HMS/master.php, line 60: TypeError: document.getElementById(...) is null
JavaScript error: http://www.seleniumbymahesh.com/HMS/master.php, line 60: TypeError: document.getElementById(...) is null
JavaScript error: http://www.seleniumbymahesh.com/HMS/master.php, line 60: TypeError: document.getElementById(...) is null
JavaScript error: http://www.seleniumbymahesh.com/HMS/master.php, line 60: TypeError: document.getElementById(...) is null
JavaScript error: http://www.seleniumbymahesh.com/HMS/master.php, line 60: TypeError: document.getElementById(...) is null
JavaScript error: http://www.seleniumbymahesh.com/HMS/master.php, line 60: TypeError: document.getElementById(...) is null
JavaScript error: http://www.seleniumbymahesh.com/HMS/master.php, line 60: TypeError: document.getElementById(...) is null
JavaScript error: http://www.seleniumbymahesh.com/HMS/master.php, line 60: TypeError: document.getElementById(...) is null
JavaScript error: http://www.seleniumbymahesh.com/HMS/master.php, line 60: TypeError: document.getElementById(...) is null
JavaScript error: http://www.seleniumbymahesh.com/HMS/master.php, line 60: TypeError: document.getElementById(...) is null
JavaScript error: http://www.seleniumbymahesh.com/HMS/master.php, line 60: TypeError: document.getElementById(...) is null
JavaScript error: http://www.seleniumbymahesh.com/HMS/master.php, line 60: TypeError: document.getElementById(...) is null
JavaScript error: http://www.seleniumbymahesh.com/HMS/master.php, line 60: TypeError: document.getElementById(...) is null
JavaScript error: http://www.seleniumbymahesh.com/HMS/master.php, line 60: TypeError: document.getElementById(...) is null
JavaScript error: http://www.seleniumbymahesh.com/HMS/master.php, line 60: TypeError: document.getElementById(...) is null
JavaScript error: http://www.seleniumbymahesh.com/HMS/master.php, line 60: TypeError: document.getElementById(...) is null
JavaScript error: http://www.seleniumbymahesh.com/HMS/master.php, line 60: TypeError: document.getElementById(...) is null
JavaScript error: http://www.seleniumbymahesh.com/HMS/master.php, line 60: TypeError: document.getElementById(...) is null
JavaScript error: http://www.seleniumbymahesh.com/HMS/master.php, line 60: TypeError: document.getElementById(...) is null
JavaScript error: http://www.seleniumbymahesh.com/HMS/master.php, line 60: TypeError: document.getElementById(...) is null
JavaScript error: http://www.seleniumbymahesh.com/HMS/master.php, line 60: TypeError: document.getElementById(...) is null
JavaScript error: http://www.seleniumbymahesh.com/HMS/master.php, line 60: TypeError: document.getElementById(...) is null
JavaScript error: http://www.seleniumbymahesh.com/HMS/master.php, line 60: TypeError: document.getElementById(...) is null
JavaScript error: http://www.seleniumbymahesh.com/HMS/master.php, line 60: TypeError: document.getElementById(...) is null
JavaScript error: http://www.seleniumbymahesh.com/HMS/master.php, line 60: TypeError: document.getElementById(...) is null
JavaScript error: http://www.seleniumbymahesh.com/HMS/master.php, line 60: TypeError: document.getElementById(...) is null
JavaScript error: http://www.seleniumbymahesh.com/HMS/master.php, line 60: TypeError: document.getElementById(...) is null
JavaScript error: resource://devtools/shared/protocol/Front.js, line 103: Error: Connection closed, pending request to server0.conn0.child4/domnode52, type setNodeValue failed

Request stack:
request@resource://devtools/shared/protocol/Front.js:292:14
generateRequestMethods/</frontProto[name]@resource://devtools/shared/protocol/Front/FrontClassWithSpec.js:46:19
showTextEditor/done/</<@resource://devtools/client/inspector/markup/views/text-editor.js:101:25
do@resource://devtools/client/shared/undo.js:70:16
endBatch@resource://devtools/client/shared/undo.js:81:11
do@resource://devtools/client/shared/undo.js:93:10
showTextEditor/done/<@resource://devtools/client/inspector/markup/views/text-editor.js:99:31
process@resource://gre/modules/Promise-backend.js:961:38
walkerLoop@resource://gre/modules/Promise-backend.js:845:29
Promise*scheduleWalkerLoop@resource://gre/modules/Promise-backend.js:775:19
schedulePromise@resource://gre/modules/Promise-backend.js:809:12
completePromise@resource://gre/modules/Promise-backend.js:741:12

1626499988581	Marionette	INFO	Stopped listening on port 60107

###!!! [Child][RunMessage] Error: Channel closing: too late to send/recv, messages will be lost

1626499994583	geckodriver	INFO	Listening on 127.0.0.1:56976
1626499997650	mozrunner::runner	INFO	Running command: "C:\\Program Files (x86)\\Mozilla Firefox\\firefox.exe" "--marionette" "-foreground" "-no-remote" "-profile" "C:\\Users\\ravin\\AppData\\Local\\Temp\\rust_mozprofileLoajbB"
1626499998210	Marionette	INFO	Marionette enabled
console.warn: SearchSettings: "get: No settings file exists, new profile?" (new NotFoundError("Could not open the file at C:\\Users\\ravin\\AppData\\Local\\Temp\\rust_mozprofileLoajbB\\search.json.mozlz4", (void 0)))
1626500001502	Marionette	INFO	Listening on port 58240
1626500001892	Marionette	WARN	TLS certificate errors will be ignored for this session
JavaScript error: http://www.seleniumbymahesh.com/HMS/master.php, line 60: TypeError: document.getElementById(...) is null
JavaScript error: http://www.seleniumbymahesh.com/HMS/master.php, line 60: TypeError: document.getElementById(...) is null
JavaScript error: http://www.seleniumbymahesh.com/HMS/master.php, line 60: TypeError: document.getElementById(...) is null
JavaScript error: http://www.seleniumbymahesh.com/HMS/master.php, line 60: TypeError: document.getElementById(...) is null
JavaScript error: http://www.seleniumbymahesh.com/HMS/master.php, line 60: TypeError: document.getElementById(...) is null
JavaScript error: http://www.seleniumbymahesh.com/HMS/master.php, line 60: TypeError: document.getElementById(...) is null
JavaScript error: http://www.seleniumbymahesh.com/HMS/master.php, line 60: TypeError: document.getElementById(...) is null
JavaScript error: http://www.seleniumbymahesh.com/HMS/master.php, line 60: TypeError: document.getElementById(...) is null
JavaScript error: http://www.seleniumbymahesh.com/HMS/master.php, line 60: TypeError: document.getElementById(...) is null
JavaScript error: http://www.seleniumbymahesh.com/HMS/master.php, line 60: TypeError: document.getElementById(...) is null
1626500041655	Marionette	INFO	Stopped listening on port 58240
